<?xml version="1.0" encoding="UTF-8"?>
<!-- Generated by org.testng.reporters.JUnitReportReporter -->
<testsuite hostname="maruthi" failures="0" tests="1" name="testNg.FirstProjectNop" time="7.388" errors="0" timestamp="2024-07-06T10:12:00 IST" skipped="0">
  <testcase classname="testNg.FirstProjectNop" name="nopcommercelogin" time="7.388"/>
</testsuite> <!-- testNg.FirstProjectNop -->
